<?xml version="1.0" encoding="UTF-8"?>
<testng-results ignored="0" total="3" passed="3" failed="0" skipped="0">
  <reporter-output>
  </reporter-output>
  <suite started-at="2022-05-11T17:57:06 IST" name="Default suite" finished-at="2022-05-11T17:57:19 IST" duration-ms="12720">
    <groups>
    </groups>
    <test started-at="2022-05-11T17:57:06 IST" name="Default test" finished-at="2022-05-11T17:57:19 IST" duration-ms="12720">
      <class name="qa.test.TestUrl">
        <test-method signature="get()[pri:0, instance:qa.test.TestUrl@619713e5]" started-at="2022-05-11T17:57:06 IST" name="get" finished-at="2022-05-11T17:57:06 IST" duration-ms="16" status="PASS">
          <reporter-output>
          </reporter-output>
        </test-method> <!-- get -->
        <test-method signature="lauch()[pri:1, instance:qa.test.TestUrl@619713e5]" started-at="2022-05-11T17:57:06 IST" name="lauch" finished-at="2022-05-11T17:57:18 IST" duration-ms="12140" status="PASS">
          <reporter-output>
          </reporter-output>
        </test-method> <!-- lauch -->
        <test-method signature="login()[pri:2, instance:qa.test.TestUrl@619713e5]" started-at="2022-05-11T17:57:18 IST" name="login" finished-at="2022-05-11T17:57:19 IST" duration-ms="411" status="PASS">
          <reporter-output>
          </reporter-output>
        </test-method> <!-- login -->
      </class> <!-- qa.test.TestUrl -->
    </test> <!-- Default test -->
  </suite> <!-- Default suite -->
</testng-results>
